[debug] [2024-09-29T02:31:50.116Z] ----------------------------------------------------------------------
[debug] [2024-09-29T02:31:50.117Z] Command:       /usr/local/bin/firebase /Users/dhruv/.cache/firebase/tools/lib/node_modules/firebase-tools/lib/bin/firebase init
[debug] [2024-09-29T02:31:50.118Z] CLI Version:   13.20.1
[debug] [2024-09-29T02:31:50.118Z] Platform:      darwin
[debug] [2024-09-29T02:31:50.118Z] Node Version:  v18.5.0
[debug] [2024-09-29T02:31:50.119Z] Time:          Sat Sep 28 2024 22:31:50 GMT-0400 (Eastern Daylight Time)
[debug] [2024-09-29T02:31:50.120Z] ----------------------------------------------------------------------
[debug] 
[debug] [2024-09-29T02:31:50.134Z] > command requires scopes: ["email","openid","https://www.googleapis.com/auth/cloudplatformprojects.readonly","https://www.googleapis.com/auth/firebase","https://www.googleapis.com/auth/cloud-platform"]
[debug] [2024-09-29T02:31:50.135Z] > authorizing via signed-in user (dvsolanki21dev@gmail.com)
[info] 
     ######## #### ########  ######## ########     ###     ######  ########
     ##        ##  ##     ## ##       ##     ##  ##   ##  ##       ##
     ######    ##  ########  ######   ########  #########  ######  ######
     ##        ##  ##    ##  ##       ##     ## ##     ##       ## ##
     ##       #### ##     ## ######## ########  ##     ##  ######  ########

You're about to initialize a Firebase project in this directory:

  /Users/dhruv/Centennial/WebApplicationDevelopment/Projects/my-portfolio

[info] 
=== Project Setup
[info] 
[info] First, let's associate this project directory with a Firebase project.
[info] You can create multiple project aliases by running firebase use --add, 
[info] but for now we'll just set up a default project.
[info] 
[debug] [2024-09-29T02:32:23.182Z] Checked if tokens are valid: true, expires at: 1727580594649
[debug] [2024-09-29T02:32:23.184Z] Checked if tokens are valid: true, expires at: 1727580594649
[debug] [2024-09-29T02:32:23.188Z] >>> [apiv2][query] GET https://firebase.googleapis.com/v1beta1/projects pageSize=100
[debug] [2024-09-29T02:32:23.742Z] <<< [apiv2][status] GET https://firebase.googleapis.com/v1beta1/projects 200
[debug] [2024-09-29T02:32:23.744Z] <<< [apiv2][body] GET https://firebase.googleapis.com/v1beta1/projects [omitted]
[info] i  Using project dhruvesh-portfolio (Dhruvesh-Portfolio) 
[info] 
=== Hosting Setup
[debug] [2024-09-29T02:32:27.277Z] Checked if tokens are valid: true, expires at: 1727580594649
[debug] [2024-09-29T02:32:27.277Z] Checked if tokens are valid: true, expires at: 1727580594649
[debug] [2024-09-29T02:32:27.277Z] >>> [apiv2][query] GET https://firebase.googleapis.com/v1beta1/projects/dhruvesh-portfolio [none]
[debug] [2024-09-29T02:32:27.724Z] <<< [apiv2][status] GET https://firebase.googleapis.com/v1beta1/projects/dhruvesh-portfolio 200
[debug] [2024-09-29T02:32:27.728Z] <<< [apiv2][body] GET https://firebase.googleapis.com/v1beta1/projects/dhruvesh-portfolio {"projectId":"dhruvesh-portfolio","projectNumber":"357526459160","displayName":"Dhruvesh-Portfolio","name":"projects/dhruvesh-portfolio","resources":{"hostingSite":"dhruvesh-portfolio"},"state":"ACTIVE","etag":"1_5afdabdc-e54a-4bf8-b081-776fa3918a2e"}
[info] 
[info] Your public directory is the folder (relative to your project directory) that
[info] will contain Hosting assets to be uploaded with firebase deploy. If you
[info] have a build process for your assets, use your build's output directory.
[info] 
[info] ✔  Wrote build/404.html 
[debug] [2024-09-29T02:33:13.323Z] >>> [apiv2][query] GET https://www.gstatic.com/firebasejs/releases.json [none]
[debug] [2024-09-29T02:33:13.405Z] <<< [apiv2][status] GET https://www.gstatic.com/firebasejs/releases.json 200
[debug] [2024-09-29T02:33:13.405Z] <<< [apiv2][body] GET https://www.gstatic.com/firebasejs/releases.json {"current":{"version":"10.13.2","browserURL":"https://www.gstatic.com/firebasejs/10.13.2/firebase.js","packageURL":"https://www.gstatic.com/firebasejs/10.13.2/firebase.tgz"},"live":{"version":"10.13","browserURL":"https://www.gstatic.com/firebasejs/live/10.13/firebase.js","packageURL":"https://www.gstatic.com/firebasejs/live/10.13/firebase.tgz"},"components":{"analytics":"https://www.gstatic.com/firebasejs/10.13.2/firebase-analytics.js","app":"https://www.gstatic.com/firebasejs/10.13.2/firebase-app.js","app-check":"https://www.gstatic.com/firebasejs/10.13.2/firebase-app-check.js","auth":"https://www.gstatic.com/firebasejs/10.13.2/firebase-auth.js","auth/cordova":"https://www.gstatic.com/firebasejs/10.13.2/firebase-auth/cordova.js","auth/web-extension":"https://www.gstatic.com/firebasejs/10.13.2/firebase-auth/web-extension.js","functions":"https://www.gstatic.com/firebasejs/10.13.2/firebase-functions.js","firestore":"https://www.gstatic.com/firebasejs/10.13.2/firebase-firestore.js","firestore/lite":"https://www.gstatic.com/firebasejs/10.13.2/firebase-firestore/lite.js","installations":"https://www.gstatic.com/firebasejs/10.13.2/firebase-installations.js","storage":"https://www.gstatic.com/firebasejs/10.13.2/firebase-storage.js","performance":"https://www.gstatic.com/firebasejs/10.13.2/firebase-performance.js","remote-config":"https://www.gstatic.com/firebasejs/10.13.2/firebase-remote-config.js","messaging":"https://www.gstatic.com/firebasejs/10.13.2/firebase-messaging.js","messaging/sw":"https://www.gstatic.com/firebasejs/10.13.2/firebase-messaging/sw.js","database":"https://www.gstatic.com/firebasejs/10.13.2/firebase-database.js","vertexai-preview":"https://www.gstatic.com/firebasejs/10.13.2/firebase-vertexai-preview.js","firestore.memory":"https://www.gstatic.com/firebasejs/10.13.2/firebase-firestore.memory.js"}}
[info] ✔  Wrote build/index.html 
[info] 
[info] i  Detected a .git folder at /Users/dhruv/Centennial/WebApplicationDevelopment/Projects/my-portfolio 
[info] i  Authorizing with GitHub to upload your service account to a GitHub repository's secrets store. 
[info] 
[info] Visit this URL on this device to log in:
[info] https://github.com/login/oauth/authorize?client_id=89cf50f02ac6aaed3484&state=662543066&redirect_uri=http%3A%2F%2Flocalhost%3A9005&scope=read%3Auser%20repo%20public_repo
[info] 
[info] Waiting for authentication...
[debug] [2024-09-29T02:33:26.889Z] >>> [apiv2][query] POST https://github.com/login/oauth/access_token [none]
[debug] [2024-09-29T02:33:26.890Z] >>> [apiv2][body] POST https://github.com/login/oauth/access_token [stream]
[debug] [2024-09-29T02:33:27.138Z] <<< [apiv2][status] POST https://github.com/login/oauth/access_token 200
[debug] [2024-09-29T02:33:27.138Z] <<< [apiv2][body] POST https://github.com/login/oauth/access_token {"access_token":"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","token_type":"bearer","scope":"read:user,repo"}
[debug] [2024-09-29T02:33:27.162Z] >>> [apiv2][query] GET https://api.github.com/user [none]
[debug] [2024-09-29T02:33:27.518Z] <<< [apiv2][status] GET https://api.github.com/user 200
[debug] [2024-09-29T02:33:27.518Z] <<< [apiv2][body] GET https://api.github.com/user {"login":"DhruveshSolanki","id":84910531,"node_id":"MDQ6VXNlcjg0OTEwNTMx","avatar_url":"https://avatars.githubusercontent.com/u/84910531?v=4","gravatar_id":"","url":"https://api.github.com/users/DhruveshSolanki","html_url":"https://github.com/DhruveshSolanki","followers_url":"https://api.github.com/users/DhruveshSolanki/followers","following_url":"https://api.github.com/users/DhruveshSolanki/following{/other_user}","gists_url":"https://api.github.com/users/DhruveshSolanki/gists{/gist_id}","starred_url":"https://api.github.com/users/DhruveshSolanki/starred{/owner}{/repo}","subscriptions_url":"https://api.github.com/users/DhruveshSolanki/subscriptions","organizations_url":"https://api.github.com/users/DhruveshSolanki/orgs","repos_url":"https://api.github.com/users/DhruveshSolanki/repos","events_url":"https://api.github.com/users/DhruveshSolanki/events{/privacy}","received_events_url":"https://api.github.com/users/DhruveshSolanki/received_events","type":"User","site_admin":false,"name":"Dhruvesh Solanki","company":null,"blog":"","location":null,"email":null,"hireable":null,"bio":null,"twitter_username":null,"notification_email":null,"public_repos":4,"public_gists":0,"followers":0,"following":1,"created_at":"2021-05-27T11:24:06Z","updated_at":"2024-09-28T22:36:44Z","private_gists":0,"total_private_repos":4,"owned_private_repos":4,"disk_usage":10069,"collaborators":3,"two_factor_authentication":false,"plan":{"name":"free","space":976562499,"collaborators":0,"private_repos":10000}}
[info] 
[info] ✔  Success! Logged into GitHub as DhruveshSolanki 
[info] 
